<?xml version="1.0" encoding="UTF-8"?>
<!-- Generated by org.testng.reporters.JUnitXMLReporter -->
<testsuite ignored="4" hostname="LAPTOP-HJ41S9EJ" failures="0" tests="1" name="GroupTest" time="0.072" errors="0" timestamp="2023-05-09T11:14:37 BST">
  <testcase classname="TestNg.GroupExecution" name="EndToEndTest" time="0.014"/>
  <testcase classname="TestNg.GroupExecution" name="CartTest" time="0.0">
    <ignored/>
  </testcase> <!-- CartTest -->
  <testcase classname="TestNg.GroupExecution" name="LoginTest" time="0.0">
    <ignored/>
  </testcase> <!-- LoginTest -->
  <testcase classname="TestNg.GroupExecution" name="WhishListTest" time="0.0">
    <ignored/>
  </testcase> <!-- WhishListTest -->
  <testcase classname="TestNg.GroupExecution" name="RegisterTest" time="0.0">
    <ignored/>
  </testcase> <!-- RegisterTest -->
</testsuite> <!-- GroupTest -->
