<?xml version="1.0" encoding="UTF-8"?>
<testng-results ignored="0" total="1" passed="1" failed="0" skipped="0">
  <reporter-output>
  </reporter-output>
  <suite started-at="2023-05-16T11:16:27 BST" name="Default suite" finished-at="2023-05-16T11:16:37 BST" duration-ms="9790">
    <groups>
    </groups>
    <test started-at="2023-05-16T11:16:27 BST" name="Default test" finished-at="2023-05-16T11:16:37 BST" duration-ms="9790">
      <class name="TestNg.AssertEquals">
        <test-method signature="assertionTest()[pri:0, instance:TestNg.AssertEquals@7690781]" started-at="2023-05-16T11:16:27 BST" name="assertionTest" finished-at="2023-05-16T11:16:37 BST" duration-ms="9736" status="PASS">
          <reporter-output>
          </reporter-output>
        </test-method> <!-- assertionTest -->
      </class> <!-- TestNg.AssertEquals -->
    </test> <!-- Default test -->
  </suite> <!-- Default suite -->
</testng-results>
